[2016-07-19 13:35:33] request.INFO: Matched route "api_1_admin_alumnospatch_alumno". {"route_parameters":{"_controller":"Safe\\AdminBundle\\Controller\\AlumnoController::patchAlumnoAction","_format":"json","id":"8","_route":"api_1_admin_alumnospatch_alumno"},"request_uri":"http://localhost:8001/api/v1/admin/alumnos/8"} []
[2016-07-19 13:35:33] security.DEBUG: Read existing security token from the session. {"key":"_security_secured_area"} []
[2016-07-19 13:35:33] security.DEBUG: User was reloaded from a user provider. {"username":"admin","provider":"FOS\\UserBundle\\Security\\EmailUserProvider"} []
[2016-07-19 13:35:33] request.CRITICAL: Uncaught PHP Exception Symfony\Component\Debug\Exception\UndefinedMethodException: "Attempted to call an undefined method named "getDefaults" of class "Symfony\Component\OptionsResolver\OptionsResolver". Did you mean to call e.g. "setDefault" or "setDefaults"?" at /home/zendar/workspaces/SAFE/application/safe_api/src/Safe/AdminBundle/Form/RegistracionAlumnoPatchType.php line 25 {"exception":"[object] (Symfony\\Component\\Debug\\Exception\\UndefinedMethodException(code: 0): Attempted to call an undefined method named \"getDefaults\" of class \"Symfony\\Component\\OptionsResolver\\OptionsResolver\".\nDid you mean to call e.g. \"setDefault\" or \"setDefaults\"? at /home/zendar/workspaces/SAFE/application/safe_api/src/Safe/AdminBundle/Form/RegistracionAlumnoPatchType.php:25)"} []
[2016-07-19 13:35:33] security.DEBUG: Stored the security token in the session. {"key":"_security_secured_area"} []
[2016-07-19 13:37:29] request.INFO: Matched route "api_1_admin_alumnospatch_alumno". {"route_parameters":{"_controller":"Safe\\AdminBundle\\Controller\\AlumnoController::patchAlumnoAction","_format":"json","id":"8","_route":"api_1_admin_alumnospatch_alumno"},"request_uri":"http://localhost:8001/api/v1/admin/alumnos/8"} []
[2016-07-19 13:37:29] security.DEBUG: Read existing security token from the session. {"key":"_security_secured_area"} []
[2016-07-19 13:37:29] security.DEBUG: User was reloaded from a user provider. {"username":"admin","provider":"FOS\\UserBundle\\Security\\EmailUserProvider"} []
[2016-07-19 13:37:29] request.CRITICAL: Uncaught PHP Exception Symfony\Component\Debug\Exception\UndefinedMethodException: "Attempted to call an undefined method named "builder" of class "Safe\AdminBundle\Form\RegistracionAlumnoType"." at /home/zendar/workspaces/SAFE/application/safe_api/src/Safe/AdminBundle/Form/RegistracionAlumnoPatchType.php line 16 {"exception":"[object] (Symfony\\Component\\Debug\\Exception\\UndefinedMethodException(code: 0): Attempted to call an undefined method named \"builder\" of class \"Safe\\AdminBundle\\Form\\RegistracionAlumnoType\". at /home/zendar/workspaces/SAFE/application/safe_api/src/Safe/AdminBundle/Form/RegistracionAlumnoPatchType.php:16)"} []
[2016-07-19 13:37:29] security.DEBUG: Stored the security token in the session. {"key":"_security_secured_area"} []
[2016-07-19 14:33:44] request.INFO: Matched route "api_1_admin_alumnospatch_alumno". {"route_parameters":{"_controller":"Safe\\AdminBundle\\Controller\\AlumnoController::patchAlumnoAction","_format":"json","id":"8","_route":"api_1_admin_alumnospatch_alumno"},"request_uri":"http://localhost:8001/api/v1/admin/alumnos/8"} []
[2016-07-19 14:33:44] security.DEBUG: Read existing security token from the session. {"key":"_security_secured_area"} []
[2016-07-19 14:33:44] security.DEBUG: User was reloaded from a user provider. {"username":"admin","provider":"FOS\\UserBundle\\Security\\EmailUserProvider"} []
[2016-07-19 14:33:44] request.CRITICAL: Uncaught PHP Exception Symfony\Component\Form\Exception\AlreadySubmittedException: "A form can only be submitted once" at /home/zendar/workspaces/SAFE/application/safe_api/vendor/symfony/symfony/src/Symfony/Component/Form/Form.php line 504 {"exception":"[object] (Symfony\\Component\\Form\\Exception\\AlreadySubmittedException(code: 0): A form can only be submitted once at /home/zendar/workspaces/SAFE/application/safe_api/vendor/symfony/symfony/src/Symfony/Component/Form/Form.php:504)"} []
[2016-07-19 14:33:44] security.DEBUG: Stored the security token in the session. {"key":"_security_secured_area"} []
[2016-07-19 14:34:33] request.INFO: Matched route "api_1_admin_alumnospatch_alumno". {"route_parameters":{"_controller":"Safe\\AdminBundle\\Controller\\AlumnoController::patchAlumnoAction","_format":"json","id":"8","_route":"api_1_admin_alumnospatch_alumno"},"request_uri":"http://localhost:8001/api/v1/admin/alumnos/8"} []
[2016-07-19 14:34:33] security.DEBUG: Read existing security token from the session. {"key":"_security_secured_area"} []
[2016-07-19 14:34:33] security.DEBUG: User was reloaded from a user provider. {"username":"admin","provider":"FOS\\UserBundle\\Security\\EmailUserProvider"} []
[2016-07-19 14:34:33] request.CRITICAL: Uncaught PHP Exception Symfony\Component\Form\Exception\AlreadySubmittedException: "A form can only be submitted once" at /home/zendar/workspaces/SAFE/application/safe_api/vendor/symfony/symfony/src/Symfony/Component/Form/Form.php line 504 {"exception":"[object] (Symfony\\Component\\Form\\Exception\\AlreadySubmittedException(code: 0): A form can only be submitted once at /home/zendar/workspaces/SAFE/application/safe_api/vendor/symfony/symfony/src/Symfony/Component/Form/Form.php:504)"} []
[2016-07-19 14:34:33] security.DEBUG: Stored the security token in the session. {"key":"_security_secured_area"} []
[2016-07-19 15:01:02] request.INFO: Matched route "api_1_admin_alumnospatch_alumno". {"route_parameters":{"_controller":"Safe\\AdminBundle\\Controller\\AlumnoController::patchAlumnoAction","_format":"json","id":"50","_route":"api_1_admin_alumnospatch_alumno"},"request_uri":"http://localhost:8001/api/v1/admin/alumnos/50"} []
[2016-07-19 15:01:02] security.DEBUG: Read existing security token from the session. {"key":"_security_secured_area"} []
[2016-07-19 15:01:02] security.DEBUG: User was reloaded from a user provider. {"username":"admin","provider":"FOS\\UserBundle\\Security\\EmailUserProvider"} []
[2016-07-19 15:01:02] request.ERROR: Uncaught PHP Exception Symfony\Component\HttpKernel\Exception\NotFoundHttpException: "alumnoBundle.alumno.no_encontrado" at /home/zendar/workspaces/SAFE/application/safe_api/vendor/symfony/symfony/src/Symfony/Bundle/FrameworkBundle/Controller/Controller.php line 251 {"exception":"[object] (Symfony\\Component\\HttpKernel\\Exception\\NotFoundHttpException(code: 0): alumnoBundle.alumno.no_encontrado at /home/zendar/workspaces/SAFE/application/safe_api/vendor/symfony/symfony/src/Symfony/Bundle/FrameworkBundle/Controller/Controller.php:251)"} []
[2016-07-19 15:01:02] security.DEBUG: Stored the security token in the session. {"key":"_security_secured_area"} []
[2016-07-19 15:19:18] request.INFO: Matched route "api_1_admin_alumnospatch_alumno". {"route_parameters":{"_controller":"Safe\\AdminBundle\\Controller\\AlumnoController::patchAlumnoAction","_format":"json","id":"50","_route":"api_1_admin_alumnospatch_alumno"},"request_uri":"http://localhost:8001/api/v1/admin/alumnos/50"} []
[2016-07-19 15:19:18] security.DEBUG: Read existing security token from the session. {"key":"_security_secured_area"} []
[2016-07-19 15:19:18] security.DEBUG: User was reloaded from a user provider. {"username":"admin","provider":"FOS\\UserBundle\\Security\\EmailUserProvider"} []
[2016-07-19 15:19:18] request.ERROR: Uncaught PHP Exception Symfony\Component\HttpKernel\Exception\NotFoundHttpException: "alumnoBundle.alumno.no_encontrado" at /home/zendar/workspaces/SAFE/application/safe_api/vendor/symfony/symfony/src/Symfony/Bundle/FrameworkBundle/Controller/Controller.php line 251 {"exception":"[object] (Symfony\\Component\\HttpKernel\\Exception\\NotFoundHttpException(code: 0): alumnoBundle.alumno.no_encontrado at /home/zendar/workspaces/SAFE/application/safe_api/vendor/symfony/symfony/src/Symfony/Bundle/FrameworkBundle/Controller/Controller.php:251)"} []
[2016-07-19 15:19:18] security.DEBUG: Stored the security token in the session. {"key":"_security_secured_area"} []
[2016-07-19 15:21:04] request.INFO: Matched route "api_1_admin_alumnospatch_alumno". {"route_parameters":{"_controller":"Safe\\AdminBundle\\Controller\\AlumnoController::patchAlumnoAction","_format":"json","id":"50","_route":"api_1_admin_alumnospatch_alumno"},"request_uri":"http://localhost:8001/api/v1/admin/alumnos/50"} []
[2016-07-19 15:21:04] security.DEBUG: Read existing security token from the session. {"key":"_security_secured_area"} []
[2016-07-19 15:21:04] security.DEBUG: User was reloaded from a user provider. {"username":"admin","provider":"FOS\\UserBundle\\Security\\EmailUserProvider"} []
[2016-07-19 15:21:04] request.ERROR: Uncaught PHP Exception Symfony\Component\HttpKernel\Exception\NotFoundHttpException: "alumnoBundle.alumno.no_encontrado" at /home/zendar/workspaces/SAFE/application/safe_api/vendor/symfony/symfony/src/Symfony/Bundle/FrameworkBundle/Controller/Controller.php line 251 {"exception":"[object] (Symfony\\Component\\HttpKernel\\Exception\\NotFoundHttpException(code: 0): alumnoBundle.alumno.no_encontrado at /home/zendar/workspaces/SAFE/application/safe_api/vendor/symfony/symfony/src/Symfony/Bundle/FrameworkBundle/Controller/Controller.php:251)"} []
[2016-07-19 15:21:04] security.DEBUG: Stored the security token in the session. {"key":"_security_secured_area"} []
[2016-07-19 15:21:08] request.INFO: Matched route "api_1_admin_alumnospatch_alumno". {"route_parameters":{"_controller":"Safe\\AdminBundle\\Controller\\AlumnoController::patchAlumnoAction","_format":"json","id":"50","_route":"api_1_admin_alumnospatch_alumno"},"request_uri":"http://localhost:8001/api/v1/admin/alumnos/50"} []
[2016-07-19 15:21:08] security.DEBUG: Read existing security token from the session. {"key":"_security_secured_area"} []
[2016-07-19 15:21:08] security.DEBUG: User was reloaded from a user provider. {"username":"admin","provider":"FOS\\UserBundle\\Security\\EmailUserProvider"} []
[2016-07-19 15:21:08] request.ERROR: Uncaught PHP Exception Symfony\Component\HttpKernel\Exception\NotFoundHttpException: "alumnoBundle.alumno.no_encontrado" at /home/zendar/workspaces/SAFE/application/safe_api/vendor/symfony/symfony/src/Symfony/Bundle/FrameworkBundle/Controller/Controller.php line 251 {"exception":"[object] (Symfony\\Component\\HttpKernel\\Exception\\NotFoundHttpException(code: 0): alumnoBundle.alumno.no_encontrado at /home/zendar/workspaces/SAFE/application/safe_api/vendor/symfony/symfony/src/Symfony/Bundle/FrameworkBundle/Controller/Controller.php:251)"} []
[2016-07-19 15:21:08] security.DEBUG: Stored the security token in the session. {"key":"_security_secured_area"} []
[2016-07-19 15:21:23] request.INFO: Matched route "api_1_admin_alumnospatch_alumno". {"route_parameters":{"_controller":"Safe\\AdminBundle\\Controller\\AlumnoController::patchAlumnoAction","_format":"json","id":"50","_route":"api_1_admin_alumnospatch_alumno"},"request_uri":"http://localhost:8001/api/v1/admin/alumnos/50"} []
[2016-07-19 15:21:23] security.DEBUG: Read existing security token from the session. {"key":"_security_secured_area"} []
[2016-07-19 15:21:23] security.DEBUG: User was reloaded from a user provider. {"username":"admin","provider":"FOS\\UserBundle\\Security\\EmailUserProvider"} []
[2016-07-19 15:21:23] request.ERROR: Uncaught PHP Exception Symfony\Component\HttpKernel\Exception\NotFoundHttpException: "alumnoBundle.alumno.no_encontrado" at /home/zendar/workspaces/SAFE/application/safe_api/vendor/symfony/symfony/src/Symfony/Bundle/FrameworkBundle/Controller/Controller.php line 251 {"exception":"[object] (Symfony\\Component\\HttpKernel\\Exception\\NotFoundHttpException(code: 0): alumnoBundle.alumno.no_encontrado at /home/zendar/workspaces/SAFE/application/safe_api/vendor/symfony/symfony/src/Symfony/Bundle/FrameworkBundle/Controller/Controller.php:251)"} []
[2016-07-19 15:21:23] security.DEBUG: Stored the security token in the session. {"key":"_security_secured_area"} []
[2016-07-19 15:21:44] request.INFO: Matched route "api_1_admin_alumnospatch_alumno". {"route_parameters":{"_controller":"Safe\\AdminBundle\\Controller\\AlumnoController::patchAlumnoAction","_format":"json","id":"50","_route":"api_1_admin_alumnospatch_alumno"},"request_uri":"http://localhost:8001/api/v1/admin/alumnos/50"} []
[2016-07-19 15:21:44] security.DEBUG: Read existing security token from the session. {"key":"_security_secured_area"} []
[2016-07-19 15:21:44] security.DEBUG: User was reloaded from a user provider. {"username":"admin","provider":"FOS\\UserBundle\\Security\\EmailUserProvider"} []
[2016-07-19 15:21:44] request.ERROR: Uncaught PHP Exception Symfony\Component\HttpKernel\Exception\NotFoundHttpException: "alumnoBundle.alumno.no_encontrado" at /home/zendar/workspaces/SAFE/application/safe_api/vendor/symfony/symfony/src/Symfony/Bundle/FrameworkBundle/Controller/Controller.php line 251 {"exception":"[object] (Symfony\\Component\\HttpKernel\\Exception\\NotFoundHttpException(code: 0): alumnoBundle.alumno.no_encontrado at /home/zendar/workspaces/SAFE/application/safe_api/vendor/symfony/symfony/src/Symfony/Bundle/FrameworkBundle/Controller/Controller.php:251)"} []
[2016-07-19 15:21:44] security.DEBUG: Stored the security token in the session. {"key":"_security_secured_area"} []
[2016-07-19 15:22:27] request.INFO: Matched route "api_1_admin_alumnospatch_alumno". {"route_parameters":{"_controller":"Safe\\AdminBundle\\Controller\\AlumnoController::patchAlumnoAction","_format":"json","id":"50","_route":"api_1_admin_alumnospatch_alumno"},"request_uri":"http://localhost:8001/api/v1/admin/alumnos/50"} []
[2016-07-19 15:22:27] security.DEBUG: Read existing security token from the session. {"key":"_security_secured_area"} []
[2016-07-19 15:22:27] security.DEBUG: User was reloaded from a user provider. {"username":"admin","provider":"FOS\\UserBundle\\Security\\EmailUserProvider"} []
[2016-07-19 15:22:27] request.ERROR: Uncaught PHP Exception Symfony\Component\HttpKernel\Exception\NotFoundHttpException: "alumnoBundle.alumno.no_encontrado" at /home/zendar/workspaces/SAFE/application/safe_api/vendor/symfony/symfony/src/Symfony/Bundle/FrameworkBundle/Controller/Controller.php line 251 {"exception":"[object] (Symfony\\Component\\HttpKernel\\Exception\\NotFoundHttpException(code: 0): alumnoBundle.alumno.no_encontrado at /home/zendar/workspaces/SAFE/application/safe_api/vendor/symfony/symfony/src/Symfony/Bundle/FrameworkBundle/Controller/Controller.php:251)"} []
[2016-07-19 15:22:27] security.DEBUG: Stored the security token in the session. {"key":"_security_secured_area"} []
[2016-07-19 15:23:26] request.INFO: Matched route "api_1_admin_alumnospatch_alumno". {"route_parameters":{"_controller":"Safe\\AdminBundle\\Controller\\AlumnoController::patchAlumnoAction","_format":"json","id":"50","_route":"api_1_admin_alumnospatch_alumno"},"request_uri":"http://localhost:8001/api/v1/admin/alumnos/50"} []
[2016-07-19 15:23:26] security.DEBUG: Read existing security token from the session. {"key":"_security_secured_area"} []
[2016-07-19 15:23:26] security.DEBUG: User was reloaded from a user provider. {"username":"admin","provider":"FOS\\UserBundle\\Security\\EmailUserProvider"} []
[2016-07-19 15:23:26] request.ERROR: Uncaught PHP Exception Symfony\Component\HttpKernel\Exception\NotFoundHttpException: "alumnoBundle.alumno.no_encontrado" at /home/zendar/workspaces/SAFE/application/safe_api/vendor/symfony/symfony/src/Symfony/Bundle/FrameworkBundle/Controller/Controller.php line 251 {"exception":"[object] (Symfony\\Component\\HttpKernel\\Exception\\NotFoundHttpException(code: 0): alumnoBundle.alumno.no_encontrado at /home/zendar/workspaces/SAFE/application/safe_api/vendor/symfony/symfony/src/Symfony/Bundle/FrameworkBundle/Controller/Controller.php:251)"} []
[2016-07-19 15:23:26] security.DEBUG: Stored the security token in the session. {"key":"_security_secured_area"} []
